{
  "RSpec": {
    "coverage": {
      "/Users/garethwoodman/Desktop/Makers Academy/Projects/battleships_tech_test/spec/board_spec.rb": {
        "lines": [
          1,
          null,
          1,
          1,
          1,
          1,
          1,
          1,
          null,
          null,
          1,
          1,
          1,
          0,
          null,
          null,
          1,
          1,
          2,
          null,
          null
        ]
      },
      "/Users/garethwoodman/Desktop/Makers Academy/Projects/battleships_tech_test/lib/board.rb": {
        "lines": [
          1,
          1,
          null,
          1,
          1,
          null,
          1,
          4,
          4,
          null,
          null,
          1,
          3,
          1,
          null,
          1,
          null,
          null,
          null,
          1,
          0,
          0,
          0,
          0,
          0,
          0,
          null,
          0,
          null,
          null,
          1,
          0,
          0,
          0,
          0,
          null,
          null,
          0,
          null,
          null,
          1,
          0,
          0,
          0,
          null,
          null,
          1,
          0,
          0,
          0,
          null,
          null,
          1,
          null,
          1,
          0,
          0,
          0,
          null,
          null,
          1,
          2,
          5,
          2,
          null,
          null
        ]
      },
      "/Users/garethwoodman/Desktop/Makers Academy/Projects/battleships_tech_test/lib/coordinates.rb": {
        "lines": [
          1,
          1,
          11,
          11,
          11,
          null,
          null,
          1,
          11,
          1210,
          null,
          null,
          null,
          1,
          112,
          null,
          null,
          1,
          13,
          null,
          null,
          1,
          null
        ]
      },
      "/Users/garethwoodman/Desktop/Makers Academy/Projects/battleships_tech_test/lib/boat.rb": {
        "lines": [
          1,
          1,
          null,
          1,
          1,
          null,
          1,
          11,
          null,
          null,
          1,
          7,
          9,
          9,
          9,
          9,
          6,
          null,
          3,
          null,
          null,
          null,
          1,
          3,
          3,
          3,
          0,
          null,
          3,
          null,
          null,
          null,
          1,
          null,
          1,
          9,
          9,
          null,
          null
        ]
      },
      "/Users/garethwoodman/Desktop/Makers Academy/Projects/battleships_tech_test/lib/boat_possible_moves.rb": {
        "lines": [
          1,
          1,
          null,
          1,
          1,
          9,
          9,
          9,
          null,
          null,
          1,
          2,
          null,
          2,
          2,
          null,
          2,
          2,
          null,
          null,
          1,
          9,
          null,
          2,
          null,
          2,
          1,
          1,
          null,
          null,
          2,
          1,
          null,
          null,
          2,
          null,
          2,
          null,
          null,
          1,
          1,
          null,
          null,
          1,
          2,
          2,
          null,
          2,
          2,
          null,
          null,
          null,
          1,
          1,
          1,
          null,
          1,
          0,
          null,
          null,
          null
        ]
      },
      "/Users/garethwoodman/Desktop/Makers Academy/Projects/battleships_tech_test/spec/boat_spec.rb": {
        "lines": [
          1,
          null,
          null,
          1,
          1,
          2,
          3,
          null,
          1,
          1,
          1,
          1,
          1,
          null,
          null,
          1,
          1,
          1,
          0,
          null,
          null,
          1,
          1,
          2,
          null,
          null,
          1,
          1,
          2,
          2,
          null,
          null,
          1,
          1,
          1,
          0,
          null,
          null,
          1,
          1,
          2,
          null,
          null,
          null,
          1,
          1,
          4,
          4,
          null,
          null,
          1,
          1,
          1,
          1,
          0,
          null,
          null,
          1,
          1,
          2,
          null,
          null,
          null,
          1,
          1,
          1,
          1,
          0,
          null,
          null,
          1,
          1,
          2,
          null,
          null,
          null,
          null,
          null
        ]
      },
      "/Users/garethwoodman/Desktop/Makers Academy/Projects/battleships_tech_test/spec/interface_spec.rb": {
        "lines": [
          1,
          null,
          1,
          1,
          1,
          null,
          null,
          1,
          1,
          0,
          null,
          null
        ]
      },
      "/Users/garethwoodman/Desktop/Makers Academy/Projects/battleships_tech_test/lib/interface.rb": {
        "lines": [
          1,
          1,
          null,
          1,
          1,
          null,
          1,
          2,
          null,
          null,
          1,
          0,
          0,
          0,
          null,
          null,
          1,
          1,
          1,
          1,
          1,
          1,
          0,
          0,
          null,
          null,
          null,
          1,
          null,
          1,
          0,
          0,
          0,
          null,
          0,
          0,
          0,
          0,
          0,
          0,
          0,
          0,
          0,
          0,
          0,
          null,
          0,
          null,
          null,
          null,
          null,
          1,
          0,
          0,
          0,
          0,
          0,
          null,
          null
        ]
      }
    },
    "timestamp": 1592562017
  }
}
